  [1m[36m (12.2ms)[0m  [1mCREATE TABLE "schema_migrations" ("version" varchar(255) NOT NULL) [0m
  [1m[35m (0.2ms)[0m  select sqlite_version(*)
  [1m[36m (10.2ms)[0m  [1mCREATE UNIQUE INDEX "unique_schema_migrations" ON "schema_migrations" ("version")[0m
  [1m[35mActiveRecord::SchemaMigration Load (0.1ms)[0m  SELECT "schema_migrations".* FROM "schema_migrations"
Migrating to CreateUsers (20150129213958)
  [1m[36m (0.1ms)[0m  [1mbegin transaction[0m
  [1m[35m (0.5ms)[0m  CREATE TABLE "users" ("id" INTEGER PRIMARY KEY AUTOINCREMENT NOT NULL, "name" varchar(255), "password" varchar(255), "email" varchar(255), "created_at" datetime, "updated_at" datetime) 
  [1m[36mSQL (0.2ms)[0m  [1mINSERT INTO "schema_migrations" ("version") VALUES (?)[0m  [["version", "20150129213958"]]
  [1m[35m (11.9ms)[0m  commit transaction
  [1m[36mActiveRecord::SchemaMigration Load (0.1ms)[0m  [1mSELECT "schema_migrations".* FROM "schema_migrations"[0m
  [1m[36m (0.1ms)[0m  [1mbegin transaction[0m
  [1m[35mSQL (0.7ms)[0m  INSERT INTO "users" ("created_at", "updated_at") VALUES (?, ?)  [["created_at", "2015-01-29 23:10:45.395588"], ["updated_at", "2015-01-29 23:10:45.395588"]]
  [1m[36m (12.0ms)[0m  [1mcommit transaction[0m
  [1m[35mUser Load (0.4ms)[0m  SELECT  "users".* FROM "users"   ORDER BY "users"."id" ASC LIMIT 1
  [1m[36m (0.1ms)[0m  [1mbegin transaction[0m
  [1m[35mSQL (0.7ms)[0m  UPDATE "users" SET "email" = ?, "name" = ?, "password" = ?, "updated_at" = ? WHERE "users"."id" = 1  [["email", "test@test.com"], ["name", "test"], ["password", "test"], ["updated_at", "2015-01-29 23:13:45.891916"]]
  [1m[36m (12.4ms)[0m  [1mcommit transaction[0m
  [1m[35mUser Load (0.3ms)[0m  SELECT  "users".* FROM "users"   ORDER BY "users"."id" ASC LIMIT 1


Started GET "/" for 178.28.14.250 at 2015-01-29 23:22:09 +0000
  [1m[36mActiveRecord::SchemaMigration Load (0.1ms)[0m  [1mSELECT "schema_migrations".* FROM "schema_migrations"[0m
Processing by Rails::WelcomeController#index as HTML
  Rendered /usr/local/rvm/gems/ruby-2.1.5@rails4/gems/railties-4.1.6/lib/rails/templates/rails/welcome/index.html.erb (2.4ms)
Completed 200 OK in 23ms (Views: 12.8ms | ActiveRecord: 0.0ms)


Started GET "/" for 178.28.14.250 at 2015-01-29 23:22:17 +0000
Processing by Rails::WelcomeController#index as HTML
  Rendered /usr/local/rvm/gems/ruby-2.1.5@rails4/gems/railties-4.1.6/lib/rails/templates/rails/welcome/index.html.erb (0.1ms)
Completed 200 OK in 3ms (Views: 1.8ms | ActiveRecord: 0.0ms)


Started GET "/" for 178.28.14.250 at 2015-01-29 23:22:28 +0000
Processing by Rails::WelcomeController#index as HTML
  Rendered /usr/local/rvm/gems/ruby-2.1.5@rails4/gems/railties-4.1.6/lib/rails/templates/rails/welcome/index.html.erb (0.1ms)
Completed 200 OK in 3ms (Views: 1.6ms | ActiveRecord: 0.0ms)


Started GET "/" for 178.28.14.250 at 2015-01-29 23:22:46 +0000

ActionController::RoutingError (uninitialized constant WelcomeController):
  activesupport (4.1.6) lib/active_support/inflector/methods.rb:238:in `const_get'
  activesupport (4.1.6) lib/active_support/inflector/methods.rb:238:in `block in constantize'
  activesupport (4.1.6) lib/active_support/inflector/methods.rb:236:in `each'
  activesupport (4.1.6) lib/active_support/inflector/methods.rb:236:in `inject'
  activesupport (4.1.6) lib/active_support/inflector/methods.rb:236:in `constantize'
  actionpack (4.1.6) lib/action_dispatch/routing/route_set.rb:78:in `controller_reference'
  actionpack (4.1.6) lib/action_dispatch/routing/route_set.rb:68:in `controller'
  actionpack (4.1.6) lib/action_dispatch/routing/route_set.rb:46:in `call'
  actionpack (4.1.6) lib/action_dispatch/journey/router.rb:73:in `block in call'
  actionpack (4.1.6) lib/action_dispatch/journey/router.rb:59:in `each'
  actionpack (4.1.6) lib/action_dispatch/journey/router.rb:59:in `call'
  actionpack (4.1.6) lib/action_dispatch/routing/route_set.rb:678:in `call'
  rack (1.5.2) lib/rack/etag.rb:23:in `call'
  rack (1.5.2) lib/rack/conditionalget.rb:25:in `call'
  rack (1.5.2) lib/rack/head.rb:11:in `call'
  actionpack (4.1.6) lib/action_dispatch/middleware/params_parser.rb:27:in `call'
  actionpack (4.1.6) lib/action_dispatch/middleware/flash.rb:254:in `call'
  rack (1.5.2) lib/rack/session/abstract/id.rb:225:in `context'
  rack (1.5.2) lib/rack/session/abstract/id.rb:220:in `call'
  actionpack (4.1.6) lib/action_dispatch/middleware/cookies.rb:560:in `call'
  activerecord (4.1.6) lib/active_record/query_cache.rb:36:in `call'
  activerecord (4.1.6) lib/active_record/connection_adapters/abstract/connection_pool.rb:621:in `call'
  activerecord (4.1.6) lib/active_record/migration.rb:380:in `call'
  actionpack (4.1.6) lib/action_dispatch/middleware/callbacks.rb:29:in `block in call'
  activesupport (4.1.6) lib/active_support/callbacks.rb:82:in `run_callbacks'
  actionpack (4.1.6) lib/action_dispatch/middleware/callbacks.rb:27:in `call'
  actionpack (4.1.6) lib/action_dispatch/middleware/reloader.rb:73:in `call'
  actionpack (4.1.6) lib/action_dispatch/middleware/remote_ip.rb:76:in `call'
  actionpack (4.1.6) lib/action_dispatch/middleware/debug_exceptions.rb:17:in `call'
  actionpack (4.1.6) lib/action_dispatch/middleware/show_exceptions.rb:30:in `call'
  railties (4.1.6) lib/rails/rack/logger.rb:38:in `call_app'
  railties (4.1.6) lib/rails/rack/logger.rb:20:in `block in call'
  activesupport (4.1.6) lib/active_support/tagged_logging.rb:68:in `block in tagged'
  activesupport (4.1.6) lib/active_support/tagged_logging.rb:26:in `tagged'
  activesupport (4.1.6) lib/active_support/tagged_logging.rb:68:in `tagged'
  railties (4.1.6) lib/rails/rack/logger.rb:20:in `call'
  actionpack (4.1.6) lib/action_dispatch/middleware/request_id.rb:21:in `call'
  rack (1.5.2) lib/rack/methodoverride.rb:21:in `call'
  rack (1.5.2) lib/rack/runtime.rb:17:in `call'
  activesupport (4.1.6) lib/active_support/cache/strategy/local_cache_middleware.rb:26:in `call'
  rack (1.5.2) lib/rack/lock.rb:17:in `call'
  actionpack (4.1.6) lib/action_dispatch/middleware/static.rb:64:in `call'
  rack (1.5.2) lib/rack/sendfile.rb:112:in `call'
  railties (4.1.6) lib/rails/engine.rb:514:in `call'
  railties (4.1.6) lib/rails/application.rb:144:in `call'
  rack (1.5.2) lib/rack/lock.rb:17:in `call'
  rack (1.5.2) lib/rack/content_length.rb:14:in `call'
  rack (1.5.2) lib/rack/handler/webrick.rb:60:in `service'
  /usr/local/rvm/rubies/ruby-2.1.5/lib/ruby/2.1.0/webrick/httpserver.rb:138:in `service'
  /usr/local/rvm/rubies/ruby-2.1.5/lib/ruby/2.1.0/webrick/httpserver.rb:94:in `run'
  /usr/local/rvm/rubies/ruby-2.1.5/lib/ruby/2.1.0/webrick/server.rb:295:in `block in start_thread'


  Rendered /usr/local/rvm/gems/ruby-2.1.5@rails4/gems/actionpack-4.1.6/lib/action_dispatch/middleware/templates/rescues/_trace.html.erb (1.4ms)
  Rendered /usr/local/rvm/gems/ruby-2.1.5@rails4/gems/actionpack-4.1.6/lib/action_dispatch/middleware/templates/routes/_route.html.erb (1.3ms)
  Rendered /usr/local/rvm/gems/ruby-2.1.5@rails4/gems/actionpack-4.1.6/lib/action_dispatch/middleware/templates/routes/_table.html.erb (8.8ms)
  Rendered /usr/local/rvm/gems/ruby-2.1.5@rails4/gems/actionpack-4.1.6/lib/action_dispatch/middleware/templates/rescues/routing_error.html.erb within rescues/layout (46.7ms)


Started GET "/" for 178.28.14.250 at 2015-01-29 23:24:33 +0000

ActionController::RoutingError (uninitialized constant UsersController):
  activesupport (4.1.6) lib/active_support/inflector/methods.rb:238:in `const_get'
  activesupport (4.1.6) lib/active_support/inflector/methods.rb:238:in `block in constantize'
  activesupport (4.1.6) lib/active_support/inflector/methods.rb:236:in `each'
  activesupport (4.1.6) lib/active_support/inflector/methods.rb:236:in `inject'
  activesupport (4.1.6) lib/active_support/inflector/methods.rb:236:in `constantize'
  actionpack (4.1.6) lib/action_dispatch/routing/route_set.rb:78:in `controller_reference'
  actionpack (4.1.6) lib/action_dispatch/routing/route_set.rb:68:in `controller'
  actionpack (4.1.6) lib/action_dispatch/routing/route_set.rb:46:in `call'
  actionpack (4.1.6) lib/action_dispatch/journey/router.rb:73:in `block in call'
  actionpack (4.1.6) lib/action_dispatch/journey/router.rb:59:in `each'
  actionpack (4.1.6) lib/action_dispatch/journey/router.rb:59:in `call'
  actionpack (4.1.6) lib/action_dispatch/routing/route_set.rb:678:in `call'
  rack (1.5.2) lib/rack/etag.rb:23:in `call'
  rack (1.5.2) lib/rack/conditionalget.rb:25:in `call'
  rack (1.5.2) lib/rack/head.rb:11:in `call'
  actionpack (4.1.6) lib/action_dispatch/middleware/params_parser.rb:27:in `call'
  actionpack (4.1.6) lib/action_dispatch/middleware/flash.rb:254:in `call'
  rack (1.5.2) lib/rack/session/abstract/id.rb:225:in `context'
  rack (1.5.2) lib/rack/session/abstract/id.rb:220:in `call'
  actionpack (4.1.6) lib/action_dispatch/middleware/cookies.rb:560:in `call'
  activerecord (4.1.6) lib/active_record/query_cache.rb:36:in `call'
  activerecord (4.1.6) lib/active_record/connection_adapters/abstract/connection_pool.rb:621:in `call'
  activerecord (4.1.6) lib/active_record/migration.rb:380:in `call'
  actionpack (4.1.6) lib/action_dispatch/middleware/callbacks.rb:29:in `block in call'
  activesupport (4.1.6) lib/active_support/callbacks.rb:82:in `run_callbacks'
  actionpack (4.1.6) lib/action_dispatch/middleware/callbacks.rb:27:in `call'
  actionpack (4.1.6) lib/action_dispatch/middleware/reloader.rb:73:in `call'
  actionpack (4.1.6) lib/action_dispatch/middleware/remote_ip.rb:76:in `call'
  actionpack (4.1.6) lib/action_dispatch/middleware/debug_exceptions.rb:17:in `call'
  actionpack (4.1.6) lib/action_dispatch/middleware/show_exceptions.rb:30:in `call'
  railties (4.1.6) lib/rails/rack/logger.rb:38:in `call_app'
  railties (4.1.6) lib/rails/rack/logger.rb:20:in `block in call'
  activesupport (4.1.6) lib/active_support/tagged_logging.rb:68:in `block in tagged'
  activesupport (4.1.6) lib/active_support/tagged_logging.rb:26:in `tagged'
  activesupport (4.1.6) lib/active_support/tagged_logging.rb:68:in `tagged'
  railties (4.1.6) lib/rails/rack/logger.rb:20:in `call'
  actionpack (4.1.6) lib/action_dispatch/middleware/request_id.rb:21:in `call'
  rack (1.5.2) lib/rack/methodoverride.rb:21:in `call'
  rack (1.5.2) lib/rack/runtime.rb:17:in `call'
  activesupport (4.1.6) lib/active_support/cache/strategy/local_cache_middleware.rb:26:in `call'
  rack (1.5.2) lib/rack/lock.rb:17:in `call'
  actionpack (4.1.6) lib/action_dispatch/middleware/static.rb:64:in `call'
  rack (1.5.2) lib/rack/sendfile.rb:112:in `call'
  railties (4.1.6) lib/rails/engine.rb:514:in `call'
  railties (4.1.6) lib/rails/application.rb:144:in `call'
  rack (1.5.2) lib/rack/lock.rb:17:in `call'
  rack (1.5.2) lib/rack/content_length.rb:14:in `call'
  rack (1.5.2) lib/rack/handler/webrick.rb:60:in `service'
  /usr/local/rvm/rubies/ruby-2.1.5/lib/ruby/2.1.0/webrick/httpserver.rb:138:in `service'
  /usr/local/rvm/rubies/ruby-2.1.5/lib/ruby/2.1.0/webrick/httpserver.rb:94:in `run'
  /usr/local/rvm/rubies/ruby-2.1.5/lib/ruby/2.1.0/webrick/server.rb:295:in `block in start_thread'


  Rendered /usr/local/rvm/gems/ruby-2.1.5@rails4/gems/actionpack-4.1.6/lib/action_dispatch/middleware/templates/rescues/_trace.html.erb (1.5ms)
  Rendered /usr/local/rvm/gems/ruby-2.1.5@rails4/gems/actionpack-4.1.6/lib/action_dispatch/middleware/templates/routes/_route.html.erb (1.7ms)
  Rendered /usr/local/rvm/gems/ruby-2.1.5@rails4/gems/actionpack-4.1.6/lib/action_dispatch/middleware/templates/routes/_table.html.erb (1.3ms)
  Rendered /usr/local/rvm/gems/ruby-2.1.5@rails4/gems/actionpack-4.1.6/lib/action_dispatch/middleware/templates/rescues/routing_error.html.erb within rescues/layout (35.4ms)


Started GET "/" for 178.28.14.250 at 2015-01-29 23:24:51 +0000

AbstractController::ActionNotFound (The action 'index' could not be found for UsersController):
  actionpack (4.1.6) lib/abstract_controller/base.rb:131:in `process'
  actionview (4.1.6) lib/action_view/rendering.rb:30:in `process'
  actionpack (4.1.6) lib/action_controller/metal.rb:196:in `dispatch'
  actionpack (4.1.6) lib/action_controller/metal/rack_delegation.rb:13:in `dispatch'
  actionpack (4.1.6) lib/action_controller/metal.rb:232:in `block in action'
  actionpack (4.1.6) lib/action_dispatch/routing/route_set.rb:82:in `call'
  actionpack (4.1.6) lib/action_dispatch/routing/route_set.rb:82:in `dispatch'
  actionpack (4.1.6) lib/action_dispatch/routing/route_set.rb:50:in `call'
  actionpack (4.1.6) lib/action_dispatch/journey/router.rb:73:in `block in call'
  actionpack (4.1.6) lib/action_dispatch/journey/router.rb:59:in `each'
  actionpack (4.1.6) lib/action_dispatch/journey/router.rb:59:in `call'
  actionpack (4.1.6) lib/action_dispatch/routing/route_set.rb:678:in `call'
  rack (1.5.2) lib/rack/etag.rb:23:in `call'
  rack (1.5.2) lib/rack/conditionalget.rb:25:in `call'
  rack (1.5.2) lib/rack/head.rb:11:in `call'
  actionpack (4.1.6) lib/action_dispatch/middleware/params_parser.rb:27:in `call'
  actionpack (4.1.6) lib/action_dispatch/middleware/flash.rb:254:in `call'
  rack (1.5.2) lib/rack/session/abstract/id.rb:225:in `context'
  rack (1.5.2) lib/rack/session/abstract/id.rb:220:in `call'
  actionpack (4.1.6) lib/action_dispatch/middleware/cookies.rb:560:in `call'
  activerecord (4.1.6) lib/active_record/query_cache.rb:36:in `call'
  activerecord (4.1.6) lib/active_record/connection_adapters/abstract/connection_pool.rb:621:in `call'
  activerecord (4.1.6) lib/active_record/migration.rb:380:in `call'
  actionpack (4.1.6) lib/action_dispatch/middleware/callbacks.rb:29:in `block in call'
  activesupport (4.1.6) lib/active_support/callbacks.rb:82:in `run_callbacks'
  actionpack (4.1.6) lib/action_dispatch/middleware/callbacks.rb:27:in `call'
  actionpack (4.1.6) lib/action_dispatch/middleware/reloader.rb:73:in `call'
  actionpack (4.1.6) lib/action_dispatch/middleware/remote_ip.rb:76:in `call'
  actionpack (4.1.6) lib/action_dispatch/middleware/debug_exceptions.rb:17:in `call'
  actionpack (4.1.6) lib/action_dispatch/middleware/show_exceptions.rb:30:in `call'
  railties (4.1.6) lib/rails/rack/logger.rb:38:in `call_app'
  railties (4.1.6) lib/rails/rack/logger.rb:20:in `block in call'
  activesupport (4.1.6) lib/active_support/tagged_logging.rb:68:in `block in tagged'
  activesupport (4.1.6) lib/active_support/tagged_logging.rb:26:in `tagged'
  activesupport (4.1.6) lib/active_support/tagged_logging.rb:68:in `tagged'
  railties (4.1.6) lib/rails/rack/logger.rb:20:in `call'
  actionpack (4.1.6) lib/action_dispatch/middleware/request_id.rb:21:in `call'
  rack (1.5.2) lib/rack/methodoverride.rb:21:in `call'
  rack (1.5.2) lib/rack/runtime.rb:17:in `call'
  activesupport (4.1.6) lib/active_support/cache/strategy/local_cache_middleware.rb:26:in `call'
  rack (1.5.2) lib/rack/lock.rb:17:in `call'
  actionpack (4.1.6) lib/action_dispatch/middleware/static.rb:64:in `call'
  rack (1.5.2) lib/rack/sendfile.rb:112:in `call'
  railties (4.1.6) lib/rails/engine.rb:514:in `call'
  railties (4.1.6) lib/rails/application.rb:144:in `call'
  rack (1.5.2) lib/rack/lock.rb:17:in `call'
  rack (1.5.2) lib/rack/content_length.rb:14:in `call'
  rack (1.5.2) lib/rack/handler/webrick.rb:60:in `service'
  /usr/local/rvm/rubies/ruby-2.1.5/lib/ruby/2.1.0/webrick/httpserver.rb:138:in `service'
  /usr/local/rvm/rubies/ruby-2.1.5/lib/ruby/2.1.0/webrick/httpserver.rb:94:in `run'
  /usr/local/rvm/rubies/ruby-2.1.5/lib/ruby/2.1.0/webrick/server.rb:295:in `block in start_thread'


  Rendered /usr/local/rvm/gems/ruby-2.1.5@rails4/gems/actionpack-4.1.6/lib/action_dispatch/middleware/templates/rescues/unknown_action.html.erb within rescues/layout (0.6ms)
